\BOOKMARK [1][-]{section.1}{\376\377\000D\000e\000v\000L\000a\000b\000\040\000O\000v\000e\000r\000v\000i\000e\000w}{}% 1
\BOOKMARK [2][-]{subsection.1.1}{\376\377\000F\000e\000a\000t\000u\000r\000e\000s}{section.1}% 2
\BOOKMARK [2][-]{subsection.1.2}{\376\377\000T\000e\000c\000h\000n\000i\000c\000a\000l\000\040\000S\000p\000e\000c\000i\000f\000i\000c\000a\000t\000i\000o\000n\000s}{section.1}% 3
\BOOKMARK [3][-]{subsubsection.1.2.1}{\376\377\000P\000r\000o\000c\000e\000s\000s\000o\000r\000\040\000\040\000M\000e\000m\000o\000r\000y}{subsection.1.2}% 4
\BOOKMARK [3][-]{subsubsection.1.2.2}{\376\377\000P\000o\000w\000e\000r\000\040\000S\000p\000e\000c\000i\000f\000i\000c\000a\000t\000i\000o\000n\000s}{subsection.1.2}% 5
\BOOKMARK [3][-]{subsubsection.1.2.3}{\376\377\000W\000i\000r\000e\000l\000e\000s\000s\000\040\000C\000a\000p\000a\000b\000i\000l\000i\000t\000i\000e\000s}{subsection.1.2}% 6
\BOOKMARK [2][-]{subsection.1.3}{\376\377\000G\000P\000I\000O\000\040\000C\000o\000n\000f\000i\000g\000u\000r\000a\000t\000i\000o\000n}{section.1}% 7
\BOOKMARK [3][-]{subsubsection.1.3.1}{\376\377\000A\000v\000a\000i\000l\000a\000b\000l\000e\000\040\000P\000i\000n\000s}{subsection.1.3}% 8
\BOOKMARK [3][-]{subsubsection.1.3.2}{\376\377\000A\000D\000C\000\040\000C\000a\000p\000a\000b\000i\000l\000i\000t\000i\000e\000s}{subsection.1.3}% 9
\BOOKMARK [2][-]{subsection.1.4}{\376\377\000C\000o\000m\000m\000u\000n\000i\000c\000a\000t\000i\000o\000n\000\040\000I\000n\000t\000e\000r\000f\000a\000c\000e\000s}{section.1}% 10
\BOOKMARK [3][-]{subsubsection.1.4.1}{\376\377\000U\000A\000R\000T}{subsection.1.4}% 11
\BOOKMARK [3][-]{subsubsection.1.4.2}{\376\377\000S\000P\000I}{subsection.1.4}% 12
\BOOKMARK [3][-]{subsubsection.1.4.3}{\376\377\000I\0002\000C}{subsection.1.4}% 13
\BOOKMARK [2][-]{subsection.1.5}{\376\377\000P\000h\000y\000s\000i\000c\000a\000l\000\040\000C\000h\000a\000r\000a\000c\000t\000e\000r\000i\000s\000t\000i\000c\000s}{section.1}% 14
\BOOKMARK [3][-]{subsubsection.1.5.1}{\376\377\000P\000a\000c\000k\000a\000g\000e\000\040\000I\000n\000f\000o\000r\000m\000a\000t\000i\000o\000n}{subsection.1.5}% 15
\BOOKMARK [3][-]{subsubsection.1.5.2}{\376\377\000E\000n\000v\000i\000r\000o\000n\000m\000e\000n\000t\000a\000l\000\040\000S\000p\000e\000c\000i\000f\000i\000c\000a\000t\000i\000o\000n\000s}{subsection.1.5}% 16
\BOOKMARK [2][-]{subsection.1.6}{\376\377\000S\000o\000f\000t\000w\000a\000r\000e\000\040\000S\000u\000p\000p\000o\000r\000t}{section.1}% 17
\BOOKMARK [3][-]{subsubsection.1.6.1}{\376\377\000D\000e\000v\000e\000l\000o\000p\000m\000e\000n\000t\000\040\000E\000n\000v\000i\000r\000o\000n\000m\000e\000n\000t}{subsection.1.6}% 18
\BOOKMARK [3][-]{subsubsection.1.6.2}{\376\377\000K\000e\000y\000\040\000L\000i\000b\000r\000a\000r\000i\000e\000s}{subsection.1.6}% 19
\BOOKMARK [2][-]{subsection.1.7}{\376\377\000A\000p\000p\000l\000i\000c\000a\000t\000i\000o\000n\000s}{section.1}% 20
\BOOKMARK [2][-]{subsection.1.8}{\376\377\000S\000a\000f\000e\000t\000y\000\040\000\040\000C\000o\000m\000p\000l\000i\000a\000n\000c\000e}{section.1}% 21
\BOOKMARK [3][-]{subsubsection.1.8.1}{\376\377\000C\000e\000r\000t\000i\000f\000i\000c\000a\000t\000i\000o\000n\000s}{subsection.1.8}% 22
\BOOKMARK [3][-]{subsubsection.1.8.2}{\376\377\000S\000a\000f\000e\000t\000y\000\040\000F\000e\000a\000t\000u\000r\000e\000s}{subsection.1.8}% 23
\BOOKMARK [2][-]{subsection.1.9}{\376\377\000O\000r\000d\000e\000r\000i\000n\000g\000\040\000I\000n\000f\000o\000r\000m\000a\000t\000i\000o\000n}{section.1}% 24
\BOOKMARK [2][-]{subsection.1.10}{\376\377\000R\000e\000v\000i\000s\000i\000o\000n\000\040\000H\000i\000s\000t\000o\000r\000y}{section.1}% 25
\BOOKMARK [2][-]{subsection.1.11}{\376\377\000S\000c\000h\000e\000m\000a\000t\000i\000c\000s}{section.1}% 26
